# Logfile created on 2014-01-02 22:53:35 +0000 by logger.rb/41954
I, [2014-01-02T22:53:35.335834 #4751]  INFO -- : 0:  RedCloth (4.2.9) from /home/graham/.gem/ruby/2.0.0/specifications/RedCloth-4.2.9.gemspec
I, [2014-01-02T22:53:35.336339 #4751]  INFO -- : 0:  blankslate (2.1.2.4) from /home/graham/.gem/ruby/2.0.0/specifications/blankslate-2.1.2.4.gemspec
I, [2014-01-02T22:53:35.336663 #4751]  INFO -- : 0:  fast-stemmer (1.0.2) from /home/graham/.gem/ruby/2.0.0/specifications/fast-stemmer-1.0.2.gemspec
I, [2014-01-02T22:53:35.336975 #4751]  INFO -- : 0:  classifier (1.3.4) from /home/graham/.gem/ruby/2.0.0/specifications/classifier-1.3.4.gemspec
I, [2014-01-02T22:53:35.337296 #4751]  INFO -- : 0:  colorator (0.1) from /home/graham/.gem/ruby/2.0.0/specifications/colorator-0.1.gemspec
I, [2014-01-02T22:53:35.337613 #4751]  INFO -- : 0:  highline (1.6.20) from /home/graham/.gem/ruby/2.0.0/specifications/highline-1.6.20.gemspec
I, [2014-01-02T22:53:35.337926 #4751]  INFO -- : 0:  commander (4.1.5) from /home/graham/.gem/ruby/2.0.0/specifications/commander-4.1.5.gemspec
I, [2014-01-02T22:53:35.338238 #4751]  INFO -- : 0:  ffi (1.9.3) from /home/graham/.gem/ruby/2.0.0/specifications/ffi-1.9.3.gemspec
I, [2014-01-02T22:53:35.338559 #4751]  INFO -- : 0:  liquid (2.5.4) from /home/graham/.gem/ruby/2.0.0/specifications/liquid-2.5.4.gemspec
I, [2014-01-02T22:53:35.338871 #4751]  INFO -- : 0:  rb-fsevent (0.9.4) from /home/graham/.gem/ruby/2.0.0/specifications/rb-fsevent-0.9.4.gemspec
I, [2014-01-02T22:53:35.339178 #4751]  INFO -- : 0:  rb-inotify (0.9.3) from /home/graham/.gem/ruby/2.0.0/specifications/rb-inotify-0.9.3.gemspec
I, [2014-01-02T22:53:35.339489 #4751]  INFO -- : 0:  rb-kqueue (0.2.0) from /home/graham/.gem/ruby/2.0.0/specifications/rb-kqueue-0.2.0.gemspec
I, [2014-01-02T22:53:35.339795 #4751]  INFO -- : 0:  listen (1.3.1) from /home/graham/.gem/ruby/2.0.0/specifications/listen-1.3.1.gemspec
I, [2014-01-02T22:53:35.340104 #4751]  INFO -- : 0:  maruku (0.7.0) from /home/graham/.gem/ruby/2.0.0/specifications/maruku-0.7.0.gemspec
I, [2014-01-02T22:53:35.340412 #4751]  INFO -- : 0:  posix-spawn (0.3.8) from /home/graham/.gem/ruby/2.0.0/specifications/posix-spawn-0.3.8.gemspec
I, [2014-01-02T22:53:35.340726 #4751]  INFO -- : 0:  yajl-ruby (1.1.0) from /home/graham/.gem/ruby/2.0.0/specifications/yajl-ruby-1.1.0.gemspec
I, [2014-01-02T22:53:35.341045 #4751]  INFO -- : 0:  pygments.rb (0.5.4) from /home/graham/.gem/ruby/2.0.0/specifications/pygments.rb-0.5.4.gemspec
I, [2014-01-02T22:53:35.341359 #4751]  INFO -- : 0:  redcarpet (2.3.0) from /home/graham/.gem/ruby/2.0.0/specifications/redcarpet-2.3.0.gemspec
I, [2014-01-02T22:53:35.341667 #4751]  INFO -- : 0:  safe_yaml (0.9.7) from /home/graham/.gem/ruby/2.0.0/specifications/safe_yaml-0.9.7.gemspec
I, [2014-01-02T22:53:35.341974 #4751]  INFO -- : 0:  parslet (1.5.0) from /home/graham/.gem/ruby/2.0.0/specifications/parslet-1.5.0.gemspec
I, [2014-01-02T22:53:35.342285 #4751]  INFO -- : 0:  toml (0.1.0) from /home/graham/.gem/ruby/2.0.0/specifications/toml-0.1.0.gemspec
I, [2014-01-02T22:53:35.342590 #4751]  INFO -- : 0:  jekyll (1.4.2) from /home/graham/.gem/ruby/2.0.0/specifications/jekyll-1.4.2.gemspec
I, [2014-01-02T22:53:35.342900 #4751]  INFO -- : 0:  kramdown (1.2.0) from /home/graham/.gem/ruby/2.0.0/specifications/kramdown-1.2.0.gemspec
I, [2014-01-02T22:53:35.343213 #4751]  INFO -- : 0:  rdiscount (2.1.7) from /home/graham/.gem/ruby/2.0.0/specifications/rdiscount-2.1.7.gemspec
I, [2014-01-02T22:53:35.343531 #4751]  INFO -- : 0:  github-pages (12) from /home/graham/.gem/ruby/2.0.0/specifications/github-pages-12.gemspec
I, [2014-01-02T22:53:35.343848 #4751]  INFO -- : 0:  bundler (1.5.1) from /home/graham/.gem/ruby/2.0.0/specifications/bundler-1.5.1.gemspec
